Arguments: 
  C:\Program Files\nodejs\node.exe C:\Users\JoaoPedro\AppData\Roaming\npm\node_modules\yarn\bin\yarn.js add -D serverles-offline

PATH: 
  C:\Program Files (x86)\Common Files\Oracle\Java\javapath;C:\Program Files\Microsoft\jdk-11.0.18.10-hotspot\bin;C:\platform-tools;C:\Windows\System32;C:\ProgramData\chocolatey\bin;%LOCALAPPDATA%\Android\Sdk\platform-tools;C:\Program Files\OpenSSL-Win64\bin;;C:\WINDOWS\system32;C:\WINDOWS;C:\WINDOWS\System32\Wbem;C:\WINDOWS\System32\WindowsPowerShell\v1.0\;C:\WINDOWS\System32\OpenSSH\;C:\Program Files\Docker\Docker\resources\bin;C:\Program Files\Amazon\AWSCLIV2\;C:\Users\JoaoPedro\AppData\Local\Microsoft\WindowsApps;C:\Users\JoaoPedro\AppData\Roaming\npm;C:\Users\JoaoPedro\AppData\Local\Programs\Microsoft VS Code\bin;C:\Program Files\MySQL\MySQL Server 8.0\bin;C:\MinGW\bin;C:\Users\JoaoPedro\AppData\Local\JetBrains\CLion 2021.1.2\bin;C:\Users\JoaoPedro\AppData\Local\hyper\app-3.0.2\resources\bin;C:\Users\JoaoPedro\AppData\Roaming\Composer\vendor\bin;C:\Users\JoaoPedro\AppData\Local\Programs\Hyper\resources\bin;C:\Users\JoaoPedro\AppData\Local\Yarn\bin;C:\Users\JoaoPedro\AppData\Roaming\nvm;C:\Program Files\nodejs;C:\Program Files\vtex\bin;C:\Windows\System32;C:\Program Files\Git\bin;C:\Users\JoaoPedro\AppData\Local\Android\Sdk\platform-tools;C:\Users\João Pedro\AppData\Local\Programs\Microsoft VS Code\bin;C:\Program Files\JetBrains\CLion 2023.1\bin;C:\Program Files\Docker\Docker\resources\bin;C:\Users\JoaoPedro\AppData\Local\Microsoft\WindowsApps;C:\Program Files\JetBrains\PyCharm 2023.2.1\bin;C:\Users\JoaoPedro\AppData\Local\spicetify;C:\Users\JoaoPedro\.deno\bin

Yarn version: 
  1.22.17

Node version: 
  20.11.0

Platform: 
  win32 x64

Trace: 
  Error: https://registry.yarnpkg.com/serverles-offline: Not found
      at params.callback [as _callback] (C:\Users\JoaoPedro\AppData\Roaming\npm\node_modules\yarn\lib\cli.js:67029:18)
      at self.callback (C:\Users\JoaoPedro\AppData\Roaming\npm\node_modules\yarn\lib\cli.js:140883:22)
      at Request.emit (node:events:518:28)
      at Request.<anonymous> (C:\Users\JoaoPedro\AppData\Roaming\npm\node_modules\yarn\lib\cli.js:141855:10)
      at Request.emit (node:events:518:28)
      at IncomingMessage.<anonymous> (C:\Users\JoaoPedro\AppData\Roaming\npm\node_modules\yarn\lib\cli.js:141777:12)
      at Object.onceWrapper (node:events:632:28)
      at IncomingMessage.emit (node:events:530:35)
      at endReadableNT (node:internal/streams/readable:1696:12)
      at process.processTicksAndRejections (node:internal/process/task_queues:82:21)

npm manifest: 
  {
    "name": "api",
    "version": "1.0.0",
    "main": "index.js",
    "license": "MIT",
    "dependencies": {
      "prisma": "^5.10.2"
    }
  }

yarn manifest: 
  No manifest

Lockfile: 
  # THIS IS AN AUTOGENERATED FILE. DO NOT EDIT THIS FILE DIRECTLY.
  # yarn lockfile v1
  
  
  "@prisma/debug@5.10.2":
    version "5.10.2"
    resolved "https://registry.yarnpkg.com/@prisma/debug/-/debug-5.10.2.tgz#74be81d8969978f4d53c1b4e76d61f04bfbc3951"
    integrity sha512-bkBOmH9dpEBbMKFJj8V+Zp8IZHIBjy3fSyhLhxj4FmKGb/UBSt9doyfA6k1UeUREsMJft7xgPYBbHSOYBr8XCA==
  
  "@prisma/engines-version@5.10.0-34.5a9203d0590c951969e85a7d07215503f4672eb9":
    version "5.10.0-34.5a9203d0590c951969e85a7d07215503f4672eb9"
    resolved "https://registry.yarnpkg.com/@prisma/engines-version/-/engines-version-5.10.0-34.5a9203d0590c951969e85a7d07215503f4672eb9.tgz#1502335d4d72d2014cb25b8ad8a740a3a13400ea"
    integrity sha512-uCy/++3Jx/O3ufM+qv2H1L4tOemTNqcP/gyEVOlZqTpBvYJUe0tWtW0y3o2Ueq04mll4aM5X3f6ugQftOSLdFQ==
  
  "@prisma/engines@5.10.2":
    version "5.10.2"
    resolved "https://registry.yarnpkg.com/@prisma/engines/-/engines-5.10.2.tgz#a4851d90f76ad6d22e783d5fd2e2e8c0640f1e81"
    integrity sha512-HkSJvix6PW8YqEEt3zHfCYYJY69CXsNdhU+wna+4Y7EZ+AwzeupMnUThmvaDA7uqswiHkgm5/SZ6/4CStjaGmw==
    dependencies:
      "@prisma/debug" "5.10.2"
      "@prisma/engines-version" "5.10.0-34.5a9203d0590c951969e85a7d07215503f4672eb9"
      "@prisma/fetch-engine" "5.10.2"
      "@prisma/get-platform" "5.10.2"
  
  "@prisma/fetch-engine@5.10.2":
    version "5.10.2"
    resolved "https://registry.yarnpkg.com/@prisma/fetch-engine/-/fetch-engine-5.10.2.tgz#a061f6727d395c7033b55f9c6e92f8741a70d5c5"
    integrity sha512-dSmXcqSt6DpTmMaLQ9K8ZKzVAMH3qwGCmYEZr/uVnzVhxRJ1EbT/w2MMwIdBNq1zT69Rvh0h75WMIi0mrIw7Hg==
    dependencies:
      "@prisma/debug" "5.10.2"
      "@prisma/engines-version" "5.10.0-34.5a9203d0590c951969e85a7d07215503f4672eb9"
      "@prisma/get-platform" "5.10.2"
  
  "@prisma/get-platform@5.10.2":
    version "5.10.2"
    resolved "https://registry.yarnpkg.com/@prisma/get-platform/-/get-platform-5.10.2.tgz#7af97b1d82e5574a474e3fbf6eaf04f4156bc535"
    integrity sha512-nqXP6vHiY2PIsebBAuDeWiUYg8h8mfjBckHh6Jezuwej0QJNnjDiOq30uesmg+JXxGk99nqyG3B7wpcOODzXvg==
    dependencies:
      "@prisma/debug" "5.10.2"
  
  prisma@^5.10.2:
    version "5.10.2"
    resolved "https://registry.yarnpkg.com/prisma/-/prisma-5.10.2.tgz#aa63085c49dc74cdb5c3816e8dd1fb4d74a2aadd"
    integrity sha512-hqb/JMz9/kymRE25pMWCxkdyhbnIWrq+h7S6WysJpdnCvhstbJSNP/S6mScEcqiB8Qv2F+0R3yG+osRaWqZacQ==
    dependencies:
      "@prisma/engines" "5.10.2"
